<?xml version="1.0" encoding="UTF-8"?>
<!-- Generated by org.testng.reporters.JUnitXMLReporter -->
<testsuite hostname="LAPTOP-DKASHJM8" ignored="0" name="Default test" tests="4" failures="0" timestamp="2021-12-27T00:51:07 WAT" time="0.634" errors="0">
  <testcase name="@BeforeTest SetUP" time="-1.640562666562E9" classname="Test.GeneralTest">
    <failure type="org.testng.TestNGException" message="
Parameter &amp;apos;browserName&amp;apos; is required by BeforeTest on method SetUP but has not been marked @Optional or defined
in C:\Users\hanen\AppData\Local\Temp\testng-eclipse--612972992\testng-customsuite.xml">
      <![CDATA[org.testng.TestNGException: 
Parameter 'browserName' is required by BeforeTest on method SetUP but has not been marked @Optional or defined
in C:\Users\hanen\AppData\Local\Temp\testng-eclipse--612972992\testng-customsuite.xml
at org.testng.internal.Parameters.createParams(Parameters.java:270)
at org.testng.internal.Parameters.createParametersForMethod(Parameters.java:358)
at org.testng.internal.Parameters.createParameters(Parameters.java:700)
at org.testng.internal.Parameters.createConfigurationParameters(Parameters.java:168)
at org.testng.internal.ConfigInvoker.invokeConfigurations(ConfigInvoker.java:302)
at org.testng.TestRunner.invokeTestConfigurations(TestRunner.java:637)
at org.testng.TestRunner.beforeRun(TestRunner.java:627)
at org.testng.TestRunner.run(TestRunner.java:589)
at org.testng.SuiteRunner.runTest(SuiteRunner.java:377)
at org.testng.SuiteRunner.runSequentially(SuiteRunner.java:371)
at org.testng.SuiteRunner.privateRun(SuiteRunner.java:332)
at org.testng.SuiteRunner.run(SuiteRunner.java:276)
at org.testng.SuiteRunnerWorker.runSuite(SuiteRunnerWorker.java:53)
at org.testng.SuiteRunnerWorker.run(SuiteRunnerWorker.java:96)
at org.testng.TestNG.runSuitesSequentially(TestNG.java:1212)
at org.testng.TestNG.runSuitesLocally(TestNG.java:1134)
at org.testng.TestNG.runSuites(TestNG.java:1063)
at org.testng.TestNG.run(TestNG.java:1031)
at org.testng.remote.AbstractRemoteTestNG.run(AbstractRemoteTestNG.java:115)
at org.testng.remote.RemoteTestNG.initAndRun(RemoteTestNG.java:251)
at org.testng.remote.RemoteTestNG.main(RemoteTestNG.java:77)
]]>
    </failure>
  </testcase> <!-- @BeforeTest SetUP -->
  <testcase name="@AfterTest TearDown" time="-1.64056266719E9" classname="Test.GeneralTest">
    <skipped/>
  </testcase> <!-- @AfterTest TearDown -->
  <testcase name="OpenApplication" time="0.0" classname="Test.GeneralTest">
    <skipped/>
  </testcase> <!-- OpenApplication -->
  <testcase name="AcceptCookies" time="0.0" classname="Test.GeneralTest">
    <skipped/>
  </testcase> <!-- AcceptCookies -->
  <testcase name="login" time="0.0" classname="Test.GeneralTest">
    <skipped/>
  </testcase> <!-- login -->
  <testcase name="ProfilInformations" time="0.0" classname="Test.GeneralTest">
    <skipped/>
  </testcase> <!-- ProfilInformations -->
</testsuite> <!-- Default test -->
